<?xml version="1.0" encoding="UTF-8"?>
<!-- Generated by org.testng.reporters.JUnitXMLReporter -->
<testsuite hostname="LAPTOP-CLIP7DDS" ignored="0" name="Default test" tests="4" failures="0" timestamp="2021-01-02T16:38:17 IST" time="34.422" errors="0">
  <testcase name="Hellopage" time="20.179" classname="AppiumProject.AppiumProject.Appiumtestng"/>
  <testcase name="email" time="2.681" classname="AppiumProject.AppiumProject.Appiumtestng"/>
  <testcase name="name" time="2.882" classname="AppiumProject.AppiumProject.Appiumtestng"/>
  <testcase name="programminglanguage" time="8.639" classname="AppiumProject.AppiumProject.Appiumtestng"/>
</testsuite> <!-- Default test -->
