<?xml version="1.0" encoding="UTF-8"?>
<!-- Generated by org.testng.reporters.JUnitXMLReporter -->
<testsuite hostname="LAPTOP-CLIP7DDS" ignored="0" name="Default test" tests="4" failures="0" timestamp="2021-04-17T22:04:46 IST" time="35.799" errors="0">
  <testcase name="Hellopage" time="21.429" classname="AppiumProject.AppiumProject.Appiumtestng"/>
  <testcase name="email" time="3.211" classname="AppiumProject.AppiumProject.Appiumtestng"/>
  <testcase name="name" time="2.761" classname="AppiumProject.AppiumProject.Appiumtestng"/>
  <testcase name="programminglanguage" time="8.357" classname="AppiumProject.AppiumProject.Appiumtestng"/>
</testsuite> <!-- Default test -->
